2016-09-20 16:23:11,994 INFO Some other info message
2016-09-20 16:23:12,994 WARNING Some warning message
2021-01-27T13:08:26.717Z INFO info a b c d ....
2021-01-27T13:08:27.300Z WARNING warning a b c d ....
2021-01-27T13:08:27.919Z ERROR error a b c d ....
2021-01-27T13:08:28.560Z WARNING warning a b c d ....
2021-01-27T13:08:29.076Z INFO info a b c d ....
2021-01-27T13:10:29.172Z INFO info a b c d ....
2021-01-27T13:10:29.856Z WARNING warning a b c d ....
2021-01-27T13:10:30.533Z ERROR error a b c d ....
2021-01-27T13:11:17.998Z ERROR error a b c d ....
2021-01-27T13:11:18.764Z WARNING warning a b c d ....
2021-01-27T13:11:19.394Z INFO info a b c d ....
2021-01-27T13:14:56.451Z ERROR error a b c d ....
2021-01-27T13:14:56.957Z WARNING warning a b c d ....
2021-01-27T13:14:57.485Z INFO info a b c d ....
2021-01-27T14:46:29.021Z INFO info a b c d ....
2021-01-27T14:46:30.133Z WARNING warning a b c d ....
2021-01-27T14:46:31.115Z ERROR error a b c d ....
2021-01-27T14:46:31.747Z WARNING warning a b c d ....
2021-01-27T14:46:32.351Z INFO info a b c d ....
2021-01-27T14:46:33.341Z WARNING warning a b c d ....
2021-01-27T14:46:33.880Z ERROR error a b c d ....
2021-01-27T14:46:34.363Z INFO info a b c d ....
2021-01-27T14:46:34.996Z INFO info a b c d ....
2021-01-27T14:46:35.512Z WARNING warning a b c d ....
2021-01-27T14:46:37.350Z ERROR error a b c d ....
