2016-09-20 16:23:10,994 INFO Some info message
2016-09-20 16:23:11,994 INFO Some other info message
2016-09-20 16:23:12,994 WARNING Some warning message
2016-09-20 16:23:13,994 WARNING Some other warning message
2016-09-21 18:23:13,994 WARNING Some  new warning message
2016-09-22 18:23:13,994 WARNING Some another new warning message
2016-09-23 18:23:13,994 WARNING Some cool warning message
2016-09-24 18:23:13,994 WARNING Some another cool warning message
2016-09-25 18:23:13,994 INFO Some another cool info message
2016-09-26 18:23:13,994 INFO Some another new cool info message
2016-09-28 18:23:13,994 INFO Some another new cool info message
2016-09-29 18:23:13,994 INFO New info message
2016-10-29 18:23:13,994 INFO New info message
2016-11-29 18:23:13,994 INFO 2016-11-29 New info message
2016-11-30 18:23:13,994 INFO 2016-11-30 New info message
2018-11-30 18:23:13,994 INFO 2016-11-30 New info message
2018-11-30 18:23:13,994 INFO 2016-11-30 New info message
2018-11-30 18:23:13,994 INFO 2016-11-30 New info message
2018-11-30 18:23:13,994 INFO 2016-11-30 New info message
2018-11-30 18:23:13,994 INFO 2016-11-30 New info message
2018-11-30 18:23:13,994 INFO 2016-11-30 New info message
2018-11-30 18:23:13,994 INFO 2016-11-30 New info message
2018-11-30 18:23:13,994 INFO 2016-11-30 New info message
2018-11-30 18:23:13,994 INFO 2016-11-30 New info message
